2022-07-06 00:00:00 [DEBUG] Received Packet ID[Heartbeat]
2022-07-06 00:00:01 [DEBUG] Received Packet ID[Heartbeat]
2022-07-06 00:00:02 [DEBUG] Received Packet ID[Heartbeat]
2022-07-06 00:00:03 [DEBUG] Received Packet ID[Heartbeat]
2022-07-06 00:00:04 [DEBUG] Received Packet ID[Heartbeat]
2022-07-06 00:00:05 [DEBUG] Received Packet ID[Heartbeat]
2022-07-06 00:00:06 [DEBUG] Received Packet ID[Heartbeat]
2022-07-06 00:00:07 [DEBUG] Received Packet ID[Heartbeat]
2022-07-06 00:00:08 [DEBUG] Received Packet ID[Heartbeat]
2022-07-06 00:00:09 [DEBUG] Received Packet ID[Heartbeat]
2022-07-06 00:00:10 [DEBUG] Received Packet ID[Heartbeat]
2022-07-06 00:00:11 [DEBUG] Received Packet ID[Heartbeat]
2022-07-06 00:00:12 [DEBUG] Received Packet ID[Heartbeat]
2022-07-06 00:00:13 [DEBUG] Received Packet ID[Heartbeat]
2022-07-06 00:00:14 [DEBUG] Received Packet ID[Heartbeat]
2022-07-06 00:00:15 [DEBUG] Received Packet ID[Heartbeat]
2022-07-06 00:00:16 [DEBUG] Received Packet ID[Heartbeat]
2022-07-06 00:00:17 [DEBUG] Received Packet ID[Heartbeat]
2022-07-06 00:00:18 [DEBUG] Received Packet ID[Heartbeat]
2022-07-06 00:00:19 [DEBUG] Received Packet ID[Heartbeat]
2022-07-06 00:00:20 [DEBUG] Received Packet ID[Heartbeat]
2022-07-06 00:00:21 [DEBUG] Received Packet ID[Heartbeat]
2022-07-06 00:00:22 [DEBUG] Received Packet ID[Heartbeat]
2022-07-06 00:00:23 [DEBUG] Received Packet ID[Heartbeat]
2022-07-06 00:00:24 [DEBUG] Received Packet ID[Heartbeat]
2022-07-06 00:00:25 [DEBUG] Received Packet ID[Heartbeat]
2022-07-06 00:00:26 [DEBUG] Received Packet ID[Heartbeat]
2022-07-06 00:00:27 [DEBUG] Received Packet ID[Heartbeat]
2022-07-06 00:00:28 [DEBUG] Received Packet ID[Heartbeat]
2022-07-06 00:00:29 [DEBUG] Received Packet ID[Heartbeat]
2022-07-06 00:00:30 [DEBUG] Received Packet ID[Heartbeat]
2022-07-06 00:00:31 [DEBUG] Received Packet ID[Heartbeat]
2022-07-06 00:00:32 [DEBUG] Received Packet ID[Heartbeat]
2022-07-06 00:00:33 [DEBUG] Received Packet ID[Heartbeat]
2022-07-06 00:00:34 [DEBUG] Received Packet ID[Heartbeat]
2022-07-06 00:00:35 [DEBUG] Received Packet ID[Heartbeat]
2022-07-06 00:00:36 [DEBUG] Received Packet ID[Heartbeat]
2022-07-06 00:00:37 [DEBUG] Received Packet ID[Heartbeat]
2022-07-06 00:00:38 [DEBUG] Received Packet ID[Heartbeat]
2022-07-06 00:00:39 [DEBUG] Received Packet ID[Heartbeat]
2022-07-06 00:00:40 [DEBUG] Received Packet ID[Heartbeat]
2022-07-06 00:00:41 [DEBUG] Received Packet ID[Heartbeat]
2022-07-06 00:00:42 [DEBUG] Received Packet ID[Heartbeat]
2022-07-06 00:00:43 [DEBUG] Received Packet ID[Heartbeat]
2022-07-06 00:00:44 [DEBUG] Received Packet ID[Heartbeat]
2022-07-06 00:00:45 [DEBUG] Received Packet ID[Heartbeat]
2022-07-06 00:00:46 [DEBUG] Received Packet ID[Heartbeat]
2022-07-06 00:00:47 [DEBUG] Received Packet ID[Heartbeat]
2022-07-06 00:00:48 [DEBUG] Received Packet ID[Heartbeat]
2022-07-06 00:00:49 [DEBUG] Received Packet ID[Heartbeat]
2022-07-06 00:00:50 [DEBUG] Received Packet ID[Heartbeat]
2022-07-06 00:00:51 [DEBUG] Received Packet ID[Heartbeat]
2022-07-06 00:00:52 [DEBUG] Received Packet ID[Heartbeat]
2022-07-06 00:00:53 [DEBUG] Received Packet ID[Heartbeat]
2022-07-06 00:00:54 [DEBUG] Received Packet ID[Heartbeat]
2022-07-06 00:00:55 [DEBUG] Received Packet ID[Heartbeat]
2022-07-06 00:00:56 [DEBUG] Received Packet ID[Heartbeat]
2022-07-06 00:00:57 [DEBUG] Received Packet ID[Heartbeat]
2022-07-06 00:00:58 [DEBUG] Received Packet ID[Heartbeat]
2022-07-06 00:00:59 [DEBUG] Received Packet ID[Heartbeat]
2022-07-06 00:01:00 [DEBUG] Received Packet ID[Heartbeat]
2022-07-06 00:01:01 [DEBUG] Received Packet ID[Heartbeat]
2022-07-06 00:01:02 [DEBUG] Received Packet ID[Heartbeat]
2022-07-06 00:01:03 [DEBUG] Received Packet ID[Heartbeat]
2022-07-06 00:01:04 [DEBUG] Received Packet ID[Heartbeat]
2022-07-06 00:01:05 [DEBUG] Received Packet ID[Heartbeat]
2022-07-06 00:01:06 [DEBUG] Received Packet ID[Heartbeat]
2022-07-06 00:01:07 [DEBUG] Received Packet ID[Heartbeat]
2022-07-06 00:01:08 [DEBUG] Received Packet ID[Heartbeat]
2022-07-06 00:01:09 [DEBUG] Received Packet ID[Heartbeat]
2022-07-06 00:01:10 [DEBUG] Received Packet ID[Heartbeat]
2022-07-06 00:01:11 [DEBUG] Received Packet ID[Heartbeat]
2022-07-06 00:01:12 [DEBUG] Received Packet ID[Heartbeat]
2022-07-06 00:01:13 [DEBUG] Received Packet ID[Heartbeat]
2022-07-06 00:01:14 [DEBUG] Received Packet ID[Heartbeat]
2022-07-06 00:01:15 [DEBUG] Received Packet ID[Heartbeat]
2022-07-06 00:01:16 [DEBUG] Received Packet ID[Heartbeat]
2022-07-06 00:01:17 [DEBUG] Received Packet ID[Heartbeat]
2022-07-06 00:01:18 [DEBUG] Received Packet ID[Heartbeat]
2022-07-06 00:01:19 [DEBUG] Received Packet ID[Heartbeat]
2022-07-06 00:01:20 [DEBUG] Received Packet ID[Heartbeat]
2022-07-06 00:01:21 [DEBUG] Received Packet ID[Heartbeat]
2022-07-06 00:01:22 [DEBUG] Received Packet ID[Heartbeat]
2022-07-06 00:01:23 [DEBUG] Received Packet ID[Heartbeat]
2022-07-06 00:01:24 [DEBUG] Received Packet ID[Heartbeat]
2022-07-06 00:01:25 [DEBUG] Received Packet ID[Heartbeat]
2022-07-06 00:01:26 [DEBUG] Received Packet ID[Heartbeat]
2022-07-06 00:01:27 [DEBUG] Received Packet ID[Heartbeat]
2022-07-06 00:01:28 [DEBUG] Received Packet ID[Heartbeat]
2022-07-06 00:01:29 [DEBUG] Received Packet ID[Heartbeat]
2022-07-06 00:01:30 [ERROR] ReadMsg: System.IO.IOException: Unable to read data from the transport connection: 遠端主機已強制關閉一個現存的連線。.
 ---> System.Net.Sockets.SocketException (10054): 遠端主機已強制關閉一個現存的連線。
   --- End of inner exception stack trace ---
   at System.Net.Sockets.Socket.AwaitableSocketAsyncEventArgs.ThrowException(SocketError error, CancellationToken cancellationToken)
   at System.Net.Sockets.Socket.AwaitableSocketAsyncEventArgs.System.Threading.Tasks.Sources.IValueTaskSource<System.Int32>.GetResult(Int16 token)
   at System.Threading.Tasks.ValueTask`1.ValueTaskSourceAsTask.<>c.<.cctor>b__4_0(Object state)
--- End of stack trace from previous location ---
   at Network.NetClient.Read() in C:\Users\Keith\Documents\Project\C#\CSharp_ServerBase\GameServer\GameServer\Network\Client\NetClient.cs:line 54
2022-07-06 00:54:13 [DEBUG] TCP Server Start Up [Main]
2022-07-06 00:54:58 [DEBUG] Client Connected!
2022-07-06 00:59:58 [DEBUG] Received Packet ID[Heartbeat]
2022-07-06 01:04:58 [DEBUG] Received Packet ID[Heartbeat]
2022-07-06 01:09:58 [DEBUG] Received Packet ID[Heartbeat]
2022-07-06 01:14:58 [DEBUG] Received Packet ID[Heartbeat]
2022-07-06 01:19:58 [DEBUG] Received Packet ID[Heartbeat]
2022-07-06 01:24:58 [DEBUG] Received Packet ID[Heartbeat]
2022-07-06 22:12:30 [DEBUG] TCP Server Start Up [Main]
2022-07-06 22:12:53 [DEBUG] Client Connected!
2022-07-06 22:17:53 [DEBUG] Received Packet ID[Heartbeat]
2022-07-06 22:20:59 [ERROR] ReadMsg: System.IO.IOException: Unable to read data from the transport connection: 遠端主機已強制關閉一個現存的連線。.
 ---> System.Net.Sockets.SocketException (10054): 遠端主機已強制關閉一個現存的連線。
   --- End of inner exception stack trace ---
   at System.Net.Sockets.Socket.AwaitableSocketAsyncEventArgs.ThrowException(SocketError error, CancellationToken cancellationToken)
   at System.Net.Sockets.Socket.AwaitableSocketAsyncEventArgs.System.Threading.Tasks.Sources.IValueTaskSource<System.Int32>.GetResult(Int16 token)
   at System.Threading.Tasks.ValueTask`1.ValueTaskSourceAsTask.<>c.<.cctor>b__4_0(Object state)
--- End of stack trace from previous location ---
   at Network.NetClient.Read() in C:\Users\Keith\Documents\Project\C#\CSharp_ServerBase\GameServer\GameServer\Network\Client\NetClient.cs:line 54
2022-07-06 23:05:28 [DEBUG] Client Connected!
2022-07-06 23:10:28 [DEBUG] Received Packet ID[Heartbeat]
2022-07-06 23:15:28 [DEBUG] Received Packet ID[Heartbeat]
2022-07-06 23:17:29 [ERROR] ReadMsg: System.IO.IOException: Unable to read data from the transport connection: 遠端主機已強制關閉一個現存的連線。.
 ---> System.Net.Sockets.SocketException (10054): 遠端主機已強制關閉一個現存的連線。
   --- End of inner exception stack trace ---
   at System.Net.Sockets.Socket.AwaitableSocketAsyncEventArgs.ThrowException(SocketError error, CancellationToken cancellationToken)
   at System.Net.Sockets.Socket.AwaitableSocketAsyncEventArgs.System.Threading.Tasks.Sources.IValueTaskSource<System.Int32>.GetResult(Int16 token)
   at System.Threading.Tasks.ValueTask`1.ValueTaskSourceAsTask.<>c.<.cctor>b__4_0(Object state)
--- End of stack trace from previous location ---
   at Network.NetClient.Read() in C:\Users\Keith\Documents\Project\C#\CSharp_ServerBase\GameServer\GameServer\Network\Client\NetClient.cs:line 54
