2023-06-13 21:42:07 [DEBUG] TCP Server Start Up [Main] With Port [45000]
2023-06-13 21:42:07 [DEBUG] UDP Server Start Up [Main] With Port [0]
2023-06-13 21:48:25 [DEBUG] TCP Server Start Up [Main] With Port [45000]
2023-06-13 21:48:25 [DEBUG] UDP Server Start Up [Main] With Port [0]
2023-06-13 21:50:56 [DEBUG] TCP Server Start Up [Main] With Port [45000]
2023-06-13 21:50:56 [DEBUG] UDP Server Start Up [Main] With Port [0]
2023-06-13 21:54:50 [DEBUG] TCP Server Start Up [Main] With Port [45000]
2023-06-13 21:54:50 [DEBUG] UDP Server Start Up [Main] With Port [0]
2023-06-13 21:55:17 [DEBUG] TCP Client Connected!
2023-06-13 21:56:11 [ERROR] Object reference not set to an instance of an object.
2023-06-13 22:14:36 [DEBUG] TCP Server Start Up [Main] With Port [45000]
2023-06-13 22:14:36 [DEBUG] UDP Server Start Up [Main] With Port [0]
2023-06-13 22:14:47 [DEBUG] TCP Client Connected!
2023-06-13 22:14:49 [DEBUG] Received Packet ID[Heartbeat]
2023-06-13 22:14:51 [DEBUG] Received Packet ID[Heartbeat]
2023-06-13 22:14:53 [DEBUG] Received Packet ID[Heartbeat]
2023-06-13 22:14:55 [DEBUG] Received Packet ID[Heartbeat]
2023-06-13 22:14:57 [DEBUG] Received Packet ID[Heartbeat]
2023-06-13 22:14:59 [DEBUG] Received Packet ID[Heartbeat]
2023-06-13 22:15:01 [DEBUG] Received Packet ID[Heartbeat]
2023-06-13 22:15:03 [DEBUG] Received Packet ID[Heartbeat]
2023-06-13 22:15:05 [DEBUG] Received Packet ID[Heartbeat]
2023-06-13 22:15:07 [DEBUG] Received Packet ID[Heartbeat]
2023-06-13 22:15:09 [DEBUG] Received Packet ID[Heartbeat]
2023-06-13 22:15:11 [DEBUG] Received Packet ID[Heartbeat]
2023-06-13 22:15:13 [DEBUG] Received Packet ID[Heartbeat]
2023-06-13 22:15:15 [DEBUG] Received Packet ID[Heartbeat]
2023-06-13 22:15:17 [DEBUG] Received Packet ID[Heartbeat]
2023-06-13 22:15:19 [DEBUG] Received Packet ID[Heartbeat]
2023-06-13 22:15:21 [DEBUG] Received Packet ID[Heartbeat]
2023-06-13 22:15:23 [DEBUG] Received Packet ID[Heartbeat]
2023-06-13 22:15:25 [DEBUG] Received Packet ID[Heartbeat]
2023-06-13 22:15:27 [DEBUG] Received Packet ID[Heartbeat]
